mode: set
hello-go/internal/creating/service.go:12.78,16.2 1 1
hello-go/internal/creating/service.go:18.92,20.16 2 1
hello-go/internal/creating/service.go:20.16,22.3 1 0
hello-go/internal/creating/service.go:24.2,24.45 1 1
hello-go/internal/platform/server/handler/courses/courses.go:19.82,20.30 1 1
hello-go/internal/platform/server/handler/courses/courses.go:20.30,22.46 2 1
hello-go/internal/platform/server/handler/courses/courses.go:22.46,25.4 2 1
hello-go/internal/platform/server/handler/courses/courses.go:27.3,28.17 2 1
hello-go/internal/platform/server/handler/courses/courses.go:28.17,29.11 1 0
hello-go/internal/platform/server/handler/courses/courses.go:30.49,32.11 2 0
hello-go/internal/platform/server/handler/courses/courses.go:33.12,35.11 2 0
hello-go/internal/platform/server/handler/courses/courses.go:39.3,39.31 1 1
hello-go/internal/platform/storage/mysql/course_repository.go:19.81,24.2 1 1
hello-go/internal/platform/storage/mysql/course_repository.go:26.83,38.16 6 1
hello-go/internal/platform/storage/mysql/course_repository.go:38.16,40.3 1 1
hello-go/internal/platform/storage/mysql/course_repository.go:42.2,42.12 1 1
hello-go/internal/platform/storage/storagemocks/course_repository.go:18.81,21.19 2 0
hello-go/internal/platform/storage/storagemocks/course_repository.go:21.19,22.46 1 0
hello-go/internal/platform/storage/storagemocks/course_repository.go:25.2,26.73 2 0
hello-go/internal/platform/storage/storagemocks/course_repository.go:26.73,28.3 1 0
hello-go/internal/platform/storage/storagemocks/course_repository.go:28.8,30.3 1 0
hello-go/internal/platform/storage/storagemocks/course_repository.go:32.2,32.11 1 0
hello-go/internal/platform/storage/storagemocks/course_repository.go:40.22,44.19 3 0
hello-go/internal/platform/storage/storagemocks/course_repository.go:44.19,44.49 1 0
hello-go/internal/platform/storage/storagemocks/course_repository.go:46.2,46.13 1 0
hello-go/internal/platform/server/handler/health/health.go:10.37,11.30 1 0
hello-go/internal/platform/server/handler/health/health.go:11.30,13.3 1 0
hello-go/cmd/api/bootstrap/bootstrap.go:30.18,33.16 3 0
hello-go/cmd/api/bootstrap/bootstrap.go:33.16,35.3 1 0
hello-go/cmd/api/bootstrap/bootstrap.go:37.2,42.21 4 0
hello-go/internal/internal/platform/storage/storagemocks/course_repository.go:21.73,23.2 1 0
hello-go/internal/internal/platform/storage/storagemocks/course_repository.go:26.85,29.19 2 0
hello-go/internal/internal/platform/storage/storagemocks/course_repository.go:29.19,30.46 1 0
hello-go/internal/internal/platform/storage/storagemocks/course_repository.go:33.2,34.73 2 0
hello-go/internal/internal/platform/storage/storagemocks/course_repository.go:34.73,36.3 1 0
hello-go/internal/internal/platform/storage/storagemocks/course_repository.go:36.8,38.3 1 0
hello-go/internal/internal/platform/storage/storagemocks/course_repository.go:40.2,40.11 1 0
hello-go/internal/internal/platform/storage/storagemocks/course_repository.go:51.116,53.2 1 0
hello-go/internal/internal/platform/storage/storagemocks/course_repository.go:55.130,56.40 1 0
hello-go/internal/internal/platform/storage/storagemocks/course_repository.go:56.40,58.3 1 0
hello-go/internal/internal/platform/storage/storagemocks/course_repository.go:59.2,59.11 1 0
hello-go/internal/internal/platform/storage/storagemocks/course_repository.go:62.93,65.2 2 0
hello-go/internal/internal/platform/storage/storagemocks/course_repository.go:67.134,70.2 2 0
hello-go/internal/internal/platform/storage/storagemocks/course_repository.go:77.26,81.19 3 0
hello-go/internal/internal/platform/storage/storagemocks/course_repository.go:81.19,81.49 1 0
hello-go/internal/internal/platform/storage/storagemocks/course_repository.go:83.2,83.13 1 0
hello-go/cmd/api/main.go:9.13,11.40 1 0
hello-go/cmd/api/main.go:11.40,13.3 1 0
hello-go/internal/courses.go:17.50,19.16 2 0
hello-go/internal/courses.go:19.16,21.3 1 0
hello-go/internal/courses.go:23.2,25.8 1 0
hello-go/internal/courses.go:28.36,30.2 1 0
hello-go/internal/courses.go:44.73,46.16 2 0
hello-go/internal/courses.go:46.16,48.3 1 0
hello-go/internal/courses.go:50.2,54.8 1 0
hello-go/internal/courses.go:57.31,59.2 1 0
hello-go/internal/courses.go:61.31,63.2 1 0
hello-go/internal/courses.go:65.35,67.2 1 0
hello-go/internal/platform/server/server.go:27.158,40.2 3 0
hello-go/internal/platform/server/server.go:42.54,50.12 3 0
hello-go/internal/platform/server/server.go:50.12,51.77 1 0
hello-go/internal/platform/server/server.go:51.77,53.4 1 0
hello-go/internal/platform/server/server.go:56.2,60.34 4 0
hello-go/internal/platform/server/server.go:63.57,67.12 4 0
hello-go/internal/platform/server/server.go:67.12,70.3 2 0
hello-go/internal/platform/server/server.go:71.2,71.12 1 0
hello-go/internal/platform/server/server.go:74.40,77.2 2 0
